<?xml version="1.0" encoding="UTF-8"?>
<!-- Generated by org.testng.reporters.JUnitReportReporter -->
<testsuite skipped="0" hostname="LAPTOP-5OBDF52I" name="com.demaout.newtorus.TestScripts.BookTicketTest" tests="1" failures="0" timestamp="29 Dec 2018 18:38:59 GMT" time="8.880" errors="0">
  <testcase name="ticketBookingTest" time="8.880" classname="com.demaout.newtorus.TestScripts.BookTicketTest"/>
</testsuite> <!-- com.demaout.newtorus.TestScripts.BookTicketTest -->
